app/build/outputs/logs/manifest-merger-Yingyongbao-release-report.txt
-- Merging decision tree log ---
manifest
ADDED from src/main/AndroidManifest.xml:2:1-99:12
	xmlns:tools
		ADDED from src/main/AndroidManifest.xml:3:5-51
	xmlns:android
		ADDED from src/main/AndroidManifest.xml:2:11-69
	package
		ADDED from src/main/AndroidManifest.xml:4:5-43
		INJECTED from src/main/AndroidManifest.xml
		INJECTED from src/main/AndroidManifest.xml
	android:versionName
		INJECTED from src/main/AndroidManifest.xml
		INJECTED from src/main/AndroidManifest.xml
	android:versionCode
		INJECTED from src/main/AndroidManifest.xml
		INJECTED from src/main/AndroidManifest.xml
uses-permission#android.permission.VIBRATE
ADDED from src/main/AndroidManifest.xml:6:5-66
	android:name
		ADDED from src/main/AndroidManifest.xml:6:22-63
uses-permission#android.permission.ACCESS_NETWORK_STATE
ADDED from src/main/AndroidManifest.xml:7:5-79
	android:name
		ADDED from src/main/AndroidManifest.xml:7:22-76
uses-permission#android.permission.WAKE_LOCK
ADDED from src/main/AndroidManifest.xml:8:5-68
	android:name
		ADDED from src/main/AndroidManifest.xml:8:22-65
uses-permission#android.permission.INTERNET
ADDED from src/main/AndroidManifest.xml:9:5-67
	android:name
		ADDED from src/main/AndroidManifest.xml:9:22-64
uses-permission#android.permission.WRITE_EXTERNAL_STORAGE
ADDED from src/main/AndroidManifest.xml:10:5-81
	android:name
		ADDED from src/main/AndroidManifest.xml:10:22-78
uses-permission#android.permission.READ_EXTERNAL_STORAGE
ADDED from src/main/AndroidManifest.xml:11:5-80
	android:name
		ADDED from src/main/AndroidManifest.xml:11:22-77
uses-permission#android.permission.DOWNLOAD_WITHOUT_NOTIFICATION
ADDED from src/main/AndroidManifest.xml:12:5-88
	android:name
		ADDED from src/main/AndroidManifest.xml:12:22-85
uses-permission#android.permission.SYSTEM_ALERT_WINDOW
ADDED from src/main/AndroidManifest.xml:13:5-78
	android:name
		ADDED from src/main/AndroidManifest.xml:13:22-75
uses-permission#android.permission.WRITE_SETTINGS
ADDED from src/main/AndroidManifest.xml:14:5-73
	android:name
		ADDED from src/main/AndroidManifest.xml:14:22-70
application
ADDED from src/main/AndroidManifest.xml:16:5-97:19
MERGED from [com.android.support:support-v4:23.4.0] AndroidManifest.xml:22:5-20
MERGED from [RunninSpire:social_sdk_library_project:unspecified] AndroidManifest.xml:11:5-12:19
MERGED from [com.android.support:support-v4:23.4.0] AndroidManifest.xml:22:5-20
MERGED from [com.android.support:appcompat-v7:23.4.0] AndroidManifest.xml:25:5-20
MERGED from [com.android.support:animated-vector-drawable:23.4.0] AndroidManifest.xml:7:5-20
MERGED from [com.android.support:support-vector-drawable:23.4.0] AndroidManifest.xml:7:5-20
MERGED from [com.android.support:support-v4:23.4.0] AndroidManifest.xml:22:5-20
MERGED from [com.android.support:support-v4:23.4.0] AndroidManifest.xml:22:5-20
MERGED from [com.android.support:support-vector-drawable:23.4.0] AndroidManifest.xml:7:5-20
MERGED from [com.android.support:support-v4:23.4.0] AndroidManifest.xml:22:5-20
MERGED from [com.android.support:design:23.4.0] AndroidManifest.xml:22:5-20
MERGED from [com.android.support:support-v4:23.4.0] AndroidManifest.xml:22:5-20
MERGED from [com.android.support:appcompat-v7:23.4.0] AndroidManifest.xml:25:5-20
MERGED from [com.android.support:animated-vector-drawable:23.4.0] AndroidManifest.xml:7:5-20
MERGED from [com.android.support:support-vector-drawable:23.4.0] AndroidManifest.xml:7:5-20
MERGED from [com.android.support:support-v4:23.4.0] AndroidManifest.xml:22:5-20
MERGED from [com.android.support:support-v4:23.4.0] AndroidManifest.xml:22:5-20
MERGED from [com.android.support:support-vector-drawable:23.4.0] AndroidManifest.xml:7:5-20
MERGED from [com.android.support:support-v4:23.4.0] AndroidManifest.xml:22:5-20
MERGED from [com.android.support:support-v4:23.4.0] AndroidManifest.xml:22:5-20
MERGED from [com.android.support:support-v4:23.4.0] AndroidManifest.xml:22:5-20
MERGED from [com.android.support:palette-v7:23.4.0] AndroidManifest.xml:22:5-23:19
MERGED from [com.android.support:support-v4:23.4.0] AndroidManifest.xml:22:5-20
MERGED from [com.android.support:support-v4:23.4.0] AndroidManifest.xml:22:5-20
MERGED from [com.android.support:support-v4:23.4.0] AndroidManifest.xml:22:5-20
MERGED from [com.android.support:support-v4:23.4.0] AndroidManifest.xml:22:5-20
MERGED from [com.android.support:support-v4:23.4.0] AndroidManifest.xml:22:5-20
MERGED from [com.google.android.gms:play-services-appindexing:8.1.0] AndroidManifest.xml:19:5-20
MERGED from [com.google.android.gms:play-services-basement:8.1.0] AndroidManifest.xml:20:5-24:19
MERGED from [com.android.support:support-v4:23.4.0] AndroidManifest.xml:22:5-20
MERGED from [com.android.support:support-v4:23.4.0] AndroidManifest.xml:22:5-20
	android:supportsRtl
		ADDED from src/main/AndroidManifest.xml:22:9-35
	android:label
		ADDED from src/main/AndroidManifest.xml:20:9-41
	android:allowBackup
		ADDED from src/main/AndroidManifest.xml:18:9-36
		REJECTED from [RunninSpire:social_sdk_library_project:unspecified] AndroidManifest.xml:11:18-44
	android:icon
		ADDED from src/main/AndroidManifest.xml:19:9-43
	android:theme
		ADDED from src/main/AndroidManifest.xml:23:9-40
	android:largeHeap
		ADDED from src/main/AndroidManifest.xml:21:9-33
	tools:replace
		ADDED from src/main/AndroidManifest.xml:24:9-44
	android:name
		ADDED from src/main/AndroidManifest.xml:17:9-71
activity#com.runningmusic.runninspire.WelcomeActivity
ADDED from src/main/AndroidManifest.xml:25:9-62
	android:name
		ADDED from src/main/AndroidManifest.xml:25:19-50
activity#com.runningmusic.runninspire.RunningMusicActivity
ADDED from src/main/AndroidManifest.xml:26:9-29:59
	android:label
		ADDED from src/main/AndroidManifest.xml:28:13-65
	android:theme
		ADDED from src/main/AndroidManifest.xml:29:13-56
	android:name
		ADDED from src/main/AndroidManifest.xml:27:13-49
activity#com.runningmusic.runninspire.StartActivity
ADDED from src/main/AndroidManifest.xml:30:9-32:47
	android:name
		ADDED from src/main/AndroidManifest.xml:31:13-42
	android:launchMode
		ADDED from src/main/AndroidManifest.xml:32:13-44
service#com.runningmusic.service.RunsicService
ADDED from src/main/AndroidManifest.xml:34:9-36:38
	android:enabled
		ADDED from src/main/AndroidManifest.xml:36:13-35
	android:name
		ADDED from src/main/AndroidManifest.xml:35:13-66
meta-data#com.google.android.gms.version
ADDED from src/main/AndroidManifest.xml:41:9-43:69
MERGED from [com.google.android.gms:play-services-basement:8.1.0] AndroidManifest.xml:21:9-23:69
	android:name
		ADDED from src/main/AndroidManifest.xml:42:13-58
	android:value
		ADDED from src/main/AndroidManifest.xml:43:13-66
meta-data#UMENG_APPKEY
ADDED from src/main/AndroidManifest.xml:44:9-46:56
	android:name
		ADDED from src/main/AndroidManifest.xml:45:13-40
	android:value
		ADDED from src/main/AndroidManifest.xml:46:13-53
meta-data#UMENG_CHANNEL
ADDED from src/main/AndroidManifest.xml:47:9-49:48
	android:name
		ADDED from src/main/AndroidManifest.xml:48:13-41
	android:value
		ADDED from src/main/AndroidManifest.xml:49:13-45
		INJECTED from src/main/AndroidManifest.xml
activity#com.runningmusic.runninspire.RunninspireMainActivity
ADDED from src/main/AndroidManifest.xml:51:9-61
	android:name
		ADDED from src/main/AndroidManifest.xml:51:19-58
activity#com.runningmusic.runninspire.ShareActivity
ADDED from src/main/AndroidManifest.xml:52:9-51
	android:name
		ADDED from src/main/AndroidManifest.xml:52:19-48
activity#com.runningmusic.activity.MusicListDetailActivity
ADDED from src/main/AndroidManifest.xml:53:9-86
	android:name
		ADDED from src/main/AndroidManifest.xml:53:19-83
activity#com.runningmusic.share.BaseShareActivity
ADDED from src/main/AndroidManifest.xml:54:9-77
	android:name
		ADDED from src/main/AndroidManifest.xml:54:19-74
activity#com.runningmusic.application.BaseActivity
ADDED from src/main/AndroidManifest.xml:55:9-78
	android:name
		ADDED from src/main/AndroidManifest.xml:55:19-75
activity#com.tencent.tauth.AuthActivity
ADDED from src/main/AndroidManifest.xml:56:9-68:20
	android:noHistory
		ADDED from src/main/AndroidManifest.xml:59:13-37
	android:name
		ADDED from src/main/AndroidManifest.xml:57:13-58
	android:launchMode
		ADDED from src/main/AndroidManifest.xml:58:13-44
intent-filter#android.intent.action.VIEW+android.intent.category.BROWSABLE+android.intent.category.DEFAULT
ADDED from src/main/AndroidManifest.xml:60:13-67:29
action#android.intent.action.VIEW
ADDED from src/main/AndroidManifest.xml:61:17-69
	android:name
		ADDED from src/main/AndroidManifest.xml:61:25-66
category#android.intent.category.DEFAULT
ADDED from src/main/AndroidManifest.xml:63:17-76
	android:name
		ADDED from src/main/AndroidManifest.xml:63:27-73
category#android.intent.category.BROWSABLE
ADDED from src/main/AndroidManifest.xml:64:17-78
	android:name
		ADDED from src/main/AndroidManifest.xml:64:27-75
data
ADDED from src/main/AndroidManifest.xml:66:17-53
	android:scheme
		ADDED from src/main/AndroidManifest.xml:66:23-50
activity#com.tencent.connect.common.AssistActivity
ADDED from src/main/AndroidManifest.xml:69:9-72:75
	android:screenOrientation
		ADDED from src/main/AndroidManifest.xml:71:13-49
	android:theme
		ADDED from src/main/AndroidManifest.xml:72:13-72
	android:name
		ADDED from src/main/AndroidManifest.xml:70:13-69
service#com.umeng.update.net.DownloadingService
ADDED from src/main/AndroidManifest.xml:74:9-76:53
	android:process
		ADDED from src/main/AndroidManifest.xml:76:13-50
	android:name
		ADDED from src/main/AndroidManifest.xml:75:13-67
activity#com.umeng.update.UpdateDialogActivity
ADDED from src/main/AndroidManifest.xml:78:9-80:75
	android:theme
		ADDED from src/main/AndroidManifest.xml:80:13-72
	android:name
		ADDED from src/main/AndroidManifest.xml:79:13-65
activity#com.runningmusic.wxapi.WXEntryActivity
ADDED from src/main/AndroidManifest.xml:81:9-86:75
	android:screenOrientation
		ADDED from src/main/AndroidManifest.xml:85:13-49
	android:configChanges
		ADDED from src/main/AndroidManifest.xml:83:13-74
	android:theme
		ADDED from src/main/AndroidManifest.xml:86:13-72
	android:exported
		ADDED from src/main/AndroidManifest.xml:84:13-36
	android:name
		ADDED from src/main/AndroidManifest.xml:82:13-66
activity#com.runningmusic.runninspire.FuckingActivity
ADDED from src/main/AndroidManifest.xml:87:9-53
	android:name
		ADDED from src/main/AndroidManifest.xml:87:19-50
activity#com.runningmusic.activity.StartRun
ADDED from src/main/AndroidManifest.xml:88:9-71
	android:name
		ADDED from src/main/AndroidManifest.xml:88:19-68
activity#com.runningmusic.runninspire.AdStartActivity
ADDED from src/main/AndroidManifest.xml:89:9-95:20
	android:name
		ADDED from src/main/AndroidManifest.xml:89:19-50
intent-filter#android.intent.action.MAIN+android.intent.category.LAUNCHER
ADDED from src/main/AndroidManifest.xml:90:13-94:29
action#android.intent.action.MAIN
ADDED from src/main/AndroidManifest.xml:91:17-69
	android:name
		ADDED from src/main/AndroidManifest.xml:91:25-66
category#android.intent.category.LAUNCHER
ADDED from src/main/AndroidManifest.xml:93:17-77
	android:name
		ADDED from src/main/AndroidManifest.xml:93:27-74
activity#com.runningmusic.activity.WebViewActivity
ADDED from src/main/AndroidManifest.xml:96:9-87
	android:name
		ADDED from src/main/AndroidManifest.xml:96:19-75
uses-sdk
INJECTED from src/main/AndroidManifest.xml reason: use-sdk injection requested
MERGED from [com.android.support:multidex:1.0.1] AndroidManifest.xml:18:5-42
MERGED from [RunninSpire:viewpagerindicator:unspecified] AndroidManifest.xml:7:5-9:40
MERGED from [com.android.support:support-v4:23.4.0] AndroidManifest.xml:20:5-43
MERGED from [RunninSpire:social_sdk_library_project:unspecified] AndroidManifest.xml:7:5-9:41
MERGED from [com.android.support:multidex:1.0.1] AndroidManifest.xml:18:5-42
MERGED from [com.android.support:support-v4:23.4.0] AndroidManifest.xml:20:5-43
MERGED from [com.makeramen:roundedimageview:2.2.1] AndroidManifest.xml:7:5-43
MERGED from [com.android.support:appcompat-v7:23.4.0] AndroidManifest.xml:21:5-23:78
MERGED from [com.android.support:animated-vector-drawable:23.4.0] AndroidManifest.xml:5:5-44
MERGED from [com.android.support:support-vector-drawable:23.4.0] AndroidManifest.xml:5:5-43
MERGED from [com.android.support:support-v4:23.4.0] AndroidManifest.xml:20:5-43
MERGED from [com.android.support:support-v4:23.4.0] AndroidManifest.xml:20:5-43
MERGED from [com.android.support:support-vector-drawable:23.4.0] AndroidManifest.xml:5:5-43
MERGED from [com.android.support:support-v4:23.4.0] AndroidManifest.xml:20:5-43
MERGED from [com.android.support:design:23.4.0] AndroidManifest.xml:20:5-43
MERGED from [com.android.support:recyclerview-v7:23.4.0] AndroidManifest.xml:20:5-43
MERGED from [com.android.support:support-v4:23.4.0] AndroidManifest.xml:20:5-43
MERGED from [com.android.support:appcompat-v7:23.4.0] AndroidManifest.xml:21:5-23:78
MERGED from [com.android.support:animated-vector-drawable:23.4.0] AndroidManifest.xml:5:5-44
MERGED from [com.android.support:support-vector-drawable:23.4.0] AndroidManifest.xml:5:5-43
MERGED from [com.android.support:support-v4:23.4.0] AndroidManifest.xml:20:5-43
MERGED from [com.android.support:support-v4:23.4.0] AndroidManifest.xml:20:5-43
MERGED from [com.android.support:support-vector-drawable:23.4.0] AndroidManifest.xml:5:5-43
MERGED from [com.android.support:support-v4:23.4.0] AndroidManifest.xml:20:5-43
MERGED from [com.android.support:support-v4:23.4.0] AndroidManifest.xml:20:5-43
MERGED from [com.android.support:recyclerview-v7:23.4.0] AndroidManifest.xml:20:5-43
MERGED from [com.android.support:support-v4:23.4.0] AndroidManifest.xml:20:5-43
MERGED from [com.android.support:palette-v7:23.4.0] AndroidManifest.xml:20:5-43
MERGED from [com.android.support:support-v4:23.4.0] AndroidManifest.xml:20:5-43
MERGED from [com.twotoasters.jazzylistview:library:1.2.1] AndroidManifest.xml:7:5-9:41
MERGED from [com.android.support:support-v4:23.4.0] AndroidManifest.xml:20:5-43
MERGED from [com.twotoasters.jazzylistview:library-recyclerview:1.2.1] AndroidManifest.xml:7:5-9:41
MERGED from [com.android.support:recyclerview-v7:23.4.0] AndroidManifest.xml:20:5-43
MERGED from [com.android.support:support-v4:23.4.0] AndroidManifest.xml:20:5-43
MERGED from [com.twotoasters.jazzylistview:library:1.2.1] AndroidManifest.xml:7:5-9:41
MERGED from [com.android.support:support-v4:23.4.0] AndroidManifest.xml:20:5-43
MERGED from [com.android.support:support-v4:23.4.0] AndroidManifest.xml:20:5-43
MERGED from [com.google.android.gms:play-services-appindexing:8.1.0] AndroidManifest.xml:18:5-42
MERGED from [com.google.android.gms:play-services-basement:8.1.0] AndroidManifest.xml:18:5-42
MERGED from [com.android.support:support-v4:23.4.0] AndroidManifest.xml:20:5-43
MERGED from [com.tencent.bugly:crashreport:1.2.9] AndroidManifest.xml:7:5-9:41
MERGED from [com.android.support:support-v4:23.4.0] AndroidManifest.xml:20:5-43
	android:targetSdkVersion
		INJECTED from src/main/AndroidManifest.xml
		INJECTED from src/main/AndroidManifest.xml
	android:minSdkVersion
		INJECTED from src/main/AndroidManifest.xml
		INJECTED from src/main/AndroidManifest.xml
	tools:overrideLibrary
		ADDED from [com.android.support:appcompat-v7:23.4.0] AndroidManifest.xml:23:9-75